IQ-TREE multicore version 2.4.0 for MacOS ARM 64-bit built Feb 12 2025
Developed by Bui Quang Minh, Nguyen Lam Tung, Olga Chernomor, Heiko Schmidt,
Dominik Schrempf, Michael Woodhams, Ly Trong Nhan, Thomas Wong

Host:    ls-bio-limingcais-2023-Macbook-Pro.local (SSE4.2, 36 GB RAM)
Command: iqtree2 -s concatenation.fas
Seed:    199455 (Using SPRNG - Scalable Parallel Random Number Generator)
Time:    Tue Apr  1 19:03:04 2025
Kernel:  SSE2 - 1 threads (12 CPU cores detected)

HINT: Use -nt option to specify number of threads because your CPU has 12 cores!
HINT: -nt AUTO will automatically determine the best number of threads to use.

Reading alignment file concatenation.fas ... Fasta format detected
Reading fasta file: done in 0.00134516 secs using 90.1% CPU
Alignment most likely contains DNA/RNA sequences
Alignment has 13 sequences with 5554 columns, 957 distinct patterns
479 parsimony-informative, 536 singleton sites, 4539 constant sites
                              Gap/Ambiguity  Composition  p-value
Analyzing sequences: done in 5.88894e-05 secs using 86.6% CPU
   1  Rhinanthus_alectorolophus      15.90%    passed     10.03%
   2  Rhinanthus_angustifolius       52.63%    failed      1.50%
   3  Centranthera_grandiflora       46.36%    failed      2.48%
   4  Centranthera_cochinchinensis   55.47%    failed      3.96%
   5  Aureolaria_grandiflora         40.69%    passed      5.63%
   6  Aureolaria_flava               58.01%    failed      0.09%
   7  Aureolaria_pedicularia          6.34%    passed     53.33%
   8  Cymbaria_daurica               46.42%    failed      2.41%
   9  Cymbaria_mongolica             17.68%    passed     69.12%
  10  Bungea_trifida                 59.56%    failed      2.12%
  11  Rhinanthus_serotinus           85.92%    failed      0.01%
  12  Rhinanthus_crista-galli        86.60%    failed      0.01%
  13  Alectra_fruticosa              68.87%    failed      0.19%
WARNING: 7 sequences contain more than 50% gaps/ambiguity
****  TOTAL                          49.27%  9 sequences failed composition chi2 test (p-value<5%; df=3)


Create initial parsimony tree by phylogenetic likelihood library (PLL)... 0.001 seconds
Perform fast likelihood tree search using GTR+I+G model...
Estimate model parameters (epsilon = 5.000)
Perform nearest neighbor interchange...
Estimate model parameters (epsilon = 1.000)
1. Initial log-likelihood: -13778.723
Optimal log-likelihood: -13778.035
Rate parameters:  A-C: 1.20332  A-G: 1.58188  A-T: 0.39796  C-G: 0.93263  C-T: 2.39222  G-T: 1.00000
Base frequencies:  A: 0.292  C: 0.196  G: 0.210  T: 0.302
Proportion of invariable sites: 0.408
Gamma shape alpha: 2.381
Parameters optimization took 1 rounds (0.008 sec)
Time for fast ML tree search: 0.078 seconds

NOTE: ModelFinder requires 4 MB RAM!
ModelFinder will test up to 484 DNA models (sample size: 5554 epsilon: 0.100) ...
 No. Model         -LnL         df  AIC          AICc         BIC
  1  GTR+F         13837.857    31  27737.715    27738.074    27943.005
  2  GTR+F+I       13781.168    32  27626.336    27626.719    27838.249
  3  GTR+F+G4      13776.845    32  27617.689    27618.072    27829.602
  4  GTR+F+I+G4    13777.997    33  27621.994    27622.401    27840.529
  5  GTR+F+R2      13779.049    33  27624.098    27624.504    27842.633
  6  GTR+F+R3      13776.251    35  27622.502    27622.959    27854.282
 14  GTR+F+I+R2    13778.474    34  27624.948    27625.379    27850.105
 15  GTR+F+I+R3    13777.956    36  27627.912    27628.395    27866.313
 24  SYM+I         13944.865    29  27947.729    27948.044    28139.775
 25  SYM+G4        13941.002    29  27940.003    27940.318    28132.049
 46  TVM+F+I       13791.213    31  27644.425    27644.785    27849.716
 47  TVM+F+G4      13786.963    31  27635.925    27636.285    27841.216
 68  TVMe+I        13953.873    28  27963.745    27964.039    28149.169
 69  TVMe+G4       13950.009    28  27956.018    27956.312    28141.441
 90  TIM3+F+I      13802.114    30  27664.227    27664.564    27862.896
 91  TIM3+F+G4     13798.057    30  27656.115    27656.451    27854.783
112  TIM3e+I       13960.368    27  27974.736    27975.010    28153.538
113  TIM3e+G4      13956.636    27  27967.272    27967.545    28146.073
134  TIM2+F+I      13811.540    30  27683.081    27683.418    27881.749
135  TIM2+F+G4     13807.531    30  27675.062    27675.399    27873.730
156  TIM2e+I       13962.637    27  27979.274    27979.548    28158.076
157  TIM2e+G4      13958.918    27  27971.836    27972.110    28150.638
178  TIM+F+I       13795.617    30  27651.234    27651.571    27849.902
179  TIM+F+G4      13791.574    30  27643.149    27643.485    27841.817
200  TIMe+I        13947.215    27  27948.430    27948.704    28127.232
201  TIMe+G4       13943.404    27  27940.808    27941.082    28119.610
222  TPM3u+F+I     13812.281    29  27682.561    27682.876    27874.607
223  TPM3u+F+G4    13808.356    29  27674.712    27675.027    27866.758
244  TPM3+I        13969.374    26  27990.748    27991.002    28162.927
245  TPM3+G4       13965.638    26  27983.276    27983.530    28155.455
266  TPM2u+F+I     13821.224    29  27700.449    27700.764    27892.495
267  TPM2u+F+G4    13817.157    29  27692.313    27692.628    27884.359
288  TPM2+I        13971.721    26  27995.442    27995.696    28167.621
289  TPM2+G4       13967.951    26  27987.902    27988.156    28160.081
310  K3Pu+F+I      13805.338    29  27668.675    27668.990    27860.721
311  K3Pu+F+G4     13801.325    29  27660.649    27660.964    27852.695
332  K3P+I         13956.217    26  27964.433    27964.687    28136.613
333  K3P+G4        13952.385    26  27956.771    27957.025    28128.950
354  TN+F+I        13816.412    29  27690.824    27691.139    27882.870
355  TN+F+G4       13812.556    29  27683.112    27683.427    27875.158
376  TNe+I         13963.025    26  27978.051    27978.305    28150.230
377  TNe+G4        13959.341    26  27970.681    27970.935    28142.860
398  HKY+F+I       13826.166    28  27708.331    27708.625    27893.755
399  HKY+F+G4      13822.328    28  27700.656    27700.949    27886.079
420  K2P+I         13972.065    25  27994.130    27994.365    28159.687
421  K2P+G4        13968.345    25  27986.690    27986.925    28152.247
442  F81+F+I       13920.070    27  27894.140    27894.413    28072.941
443  F81+F+G4      13916.152    27  27886.305    27886.578    28065.106
464  JC+I          14059.451    24  28166.903    28167.120    28325.837
465  JC+G4         14055.549    24  28159.097    28159.314    28318.032
Akaike Information Criterion:           GTR+F+G4
Corrected Akaike Information Criterion: GTR+F+G4
Bayesian Information Criterion:         GTR+F+G4
Best-fit model: GTR+F+G4 chosen according to BIC

All model information printed to concatenation.fas.model.gz
CPU time for ModelFinder: 0.760 seconds (0h:0m:0s)
Wall-clock time for ModelFinder: 0.766 seconds (0h:0m:0s)

NOTE: 1 MB RAM (0 GB) is required!
Estimate model parameters (epsilon = 0.100)
1. Initial log-likelihood: -13916.312
2. Current log-likelihood: -13777.031
3. Current log-likelihood: -13776.824
Optimal log-likelihood: -13776.818
Rate parameters:  A-C: 1.21448  A-G: 1.58669  A-T: 0.40160  C-G: 0.94654  C-T: 2.39311  G-T: 1.00000
Base frequencies:  A: 0.292  C: 0.196  G: 0.210  T: 0.302
Gamma shape alpha: 0.534
Parameters optimization took 3 rounds (0.040 sec)
Wrote distance file to... 
Computing ML distances based on estimated model parameters...
Calculating distance matrix: done in 0.000340939 secs using 99.72% CPU
Computing ML distances took 0.000386 sec (of wall-clock time) 0.000376 sec (of CPU time)
Setting up auxiliary I and S matrices: done in 1.5974e-05 secs using 62.6% CPU
Computing RapidNJ tree took 0.000056 sec (of wall-clock time) 0.000033 sec (of CPU time)
Log-likelihood of RapidNJ tree: -14290.207
--------------------------------------------------------------------
|             INITIALIZING CANDIDATE TREE SET                      |
--------------------------------------------------------------------
Generating 98 parsimony trees... 0.036 second
Computing log-likelihood of 98 initial trees ... 0.131 seconds
Current best score: -13776.818

Do NNI search on 20 best initial trees
Estimate model parameters (epsilon = 0.100)
BETTER TREE FOUND at iteration 1: -13776.818
Iteration 10 / LogL: -13778.975 / Time: 0h:0m:1s
Iteration 20 / LogL: -13776.936 / Time: 0h:0m:1s
Finish initializing candidate tree set (2)
Current best tree score: -13776.818 / CPU time: 0.506
Number of iterations: 20
--------------------------------------------------------------------
|               OPTIMIZING CANDIDATE TREE SET                      |
--------------------------------------------------------------------
Iteration 30 / LogL: -13776.887 / Time: 0h:0m:1s (0h:0m:1s left)
UPDATE BEST LOG-LIKELIHOOD: -13776.818
Iteration 40 / LogL: -13776.893 / Time: 0h:0m:1s (0h:0m:1s left)
Iteration 50 / LogL: -13777.100 / Time: 0h:0m:1s (0h:0m:1s left)
UPDATE BEST LOG-LIKELIHOOD: -13776.818
Iteration 60 / LogL: -13776.888 / Time: 0h:0m:2s (0h:0m:0s left)
Iteration 70 / LogL: -13778.184 / Time: 0h:0m:2s (0h:0m:0s left)
Iteration 80 / LogL: -13776.864 / Time: 0h:0m:2s (0h:0m:0s left)
Iteration 90 / LogL: -13778.769 / Time: 0h:0m:2s (0h:0m:0s left)
Iteration 100 / LogL: -13779.810 / Time: 0h:0m:2s (0h:0m:0s left)
TREE SEARCH COMPLETED AFTER 102 ITERATIONS / Time: 0h:0m:2s

--------------------------------------------------------------------
|                    FINALIZING TREE SEARCH                        |
--------------------------------------------------------------------
Performs final model parameters optimization
Estimate model parameters (epsilon = 0.010)
1. Initial log-likelihood: -13776.818
Optimal log-likelihood: -13776.817
Rate parameters:  A-C: 1.21490  A-G: 1.58466  A-T: 0.40216  C-G: 0.94797  C-T: 2.39466  G-T: 1.00000
Base frequencies:  A: 0.292  C: 0.196  G: 0.210  T: 0.302
Gamma shape alpha: 0.534
Parameters optimization took 1 rounds (0.005 sec)
BEST SCORE FOUND : -13776.817
Total tree length: 0.412

Total number of iterations: 102
CPU time used for tree search: 2.053 sec (0h:0m:2s)
Wall-clock time used for tree search: 2.068 sec (0h:0m:2s)
Total CPU time used: 2.869 sec (0h:0m:2s)
Total wall-clock time used: 2.909 sec (0h:0m:2s)

Analysis results written to: 
  IQ-TREE report:                concatenation.fas.iqtree
  Maximum-likelihood tree:       concatenation.fas.treefile
  Likelihood distances:          concatenation.fas.mldist
  Screen log file:               concatenation.fas.log

Date and Time: Tue Apr  1 19:03:07 2025
